Collecting certifi==2024.12.14 (from -r requirements.txt (line 1))
  Using cached certifi-2024.12.14-py3-none-any.whl.metadata (2.3 kB)
Collecting charset-normalizer==3.4.0 (from -r requirements.txt (line 2))
  Using cached charset_normalizer-3.4.0-cp312-cp312-macosx_11_0_arm64.whl.metadata (34 kB)
Collecting idna==3.10 (from -r requirements.txt (line 3))
  Using cached idna-3.10-py3-none-any.whl.metadata (10 kB)
Collecting python-dotenv==1.0.1 (from -r requirements.txt (line 4))
  Using cached python_dotenv-1.0.1-py3-none-any.whl.metadata (23 kB)
Collecting pytz==2024.2 (from -r requirements.txt (line 5))
  Using cached pytz-2024.2-py2.py3-none-any.whl.metadata (22 kB)
Collecting requests==2.32.3 (from -r requirements.txt (line 6))
  Using cached requests-2.32.3-py3-none-any.whl.metadata (4.6 kB)
Collecting urllib3==2.2.3 (from -r requirements.txt (line 7))
  Using cached urllib3-2.2.3-py3-none-any.whl.metadata (6.5 kB)
Collecting tzlocal==5.0.1 (from -r requirements.txt (line 8))
  Using cached tzlocal-5.0.1-py3-none-any.whl.metadata (16 kB)
Collecting prompt_toolkit==3.0.38 (from -r requirements.txt (line 9))
  Using cached prompt_toolkit-3.0.38-py3-none-any.whl.metadata (7.0 kB)
Collecting wcwidth (from prompt_toolkit==3.0.38->-r requirements.txt (line 9))
  Using cached wcwidth-0.2.13-py2.py3-none-any.whl.metadata (14 kB)
Using cached certifi-2024.12.14-py3-none-any.whl (164 kB)
Using cached charset_normalizer-3.4.0-cp312-cp312-macosx_11_0_arm64.whl (119 kB)
Using cached idna-3.10-py3-none-any.whl (70 kB)
Using cached python_dotenv-1.0.1-py3-none-any.whl (19 kB)
Using cached pytz-2024.2-py2.py3-none-any.whl (508 kB)
Using cached requests-2.32.3-py3-none-any.whl (64 kB)
Using cached urllib3-2.2.3-py3-none-any.whl (126 kB)
Using cached tzlocal-5.0.1-py3-none-any.whl (20 kB)
Using cached prompt_toolkit-3.0.38-py3-none-any.whl (385 kB)
Using cached wcwidth-0.2.13-py2.py3-none-any.whl (34 kB)
Installing collected packages: wcwidth, pytz, urllib3, tzlocal, python-dotenv, prompt_toolkit, idna, charset-normalizer, certifi, requests
Successfully installed certifi-2024.12.14 charset-normalizer-3.4.0 idna-3.10 prompt_toolkit-3.0.38 python-dotenv-1.0.1 pytz-2024.2 requests-2.32.3 tzlocal-5.0.1 urllib3-2.2.3 wcwidth-0.2.13

[notice] A new release of pip is available: 24.2 -> 25.0.1
[notice] To update, run: pip install --upgrade pip
